<?xml version="1.0" encoding="UTF-8" ?>
<testsuite errors="0" failures="0" hostname="Jeromy-HP" name="doc.secure.userDocRelTest" skipped="0" tests="4" time="0.105" timestamp="2014-03-18T16:11:05">
  <properties>
[...]
</properties>
  <testcase classname="doc.secure.userDocRelTest" name="testUserDocRelConstruction" time="0.002" />
  <testcase classname="doc.secure.userDocRelTest" name="testMethodSetGetFalse" time="0.001" />
  <testcase classname="doc.secure.userDocRelTest" name="testUserDocRelConstructionFalse" time="0.0" />
  <testcase classname="doc.secure.userDocRelTest" name="testMethodSetGet" time="0.0" />
  <system-out><![CDATA[]]></system-out>
  <system-err><![CDATA[]]></system-err>
</testsuite>
